!SESSION 2020-05-04 01:16:48.980 -----------------------------------------------
eclipse.buildId=4.15.0.I20200305-0155
java.version=1.8.0_241
java.vendor=Oracle Corporation
BootLoader constants: OS=win32, ARCH=x86_64, WS=win32, NL=en_IN
Framework arguments:  -product org.eclipse.epp.package.jee.product
Command-line arguments:  -os win32 -ws win32 -arch x86_64 -product org.eclipse.epp.package.jee.product

!ENTRY org.eclipse.ui 2 0 2020-05-04 01:17:13.548
!MESSAGE Warnings while parsing the key bindings from the 'org.eclipse.ui.commands' and 'org.eclipse.ui.bindings' extension point
!SUBENTRY 1 org.eclipse.ui 2 0 2020-05-04 01:17:13.548
!MESSAGE Defining a key binding with no key sequence has no effect: plug-in='org.springframework.ide.eclipse.boot.wizard', id='org.springframework.ide.eclipse.boot.wizard.addStarersSwitchHandler'

!ENTRY org.eclipse.jface 2 0 2020-05-04 01:17:20.473
!MESSAGE Keybinding conflicts occurred.  They may interfere with normal accelerator operation.
!SUBENTRY 1 org.eclipse.jface 2 0 2020-05-04 01:17:20.473
!MESSAGE A conflict occurred for CTRL+SHIFT+T:
Binding(CTRL+SHIFT+T,
	ParameterizedCommand(Command(org.eclipse.jdt.ui.navigate.open.type,Open Type,
		Open a type in a Java editor,
		Category(org.eclipse.ui.category.navigate,Navigate,null,true),
		org.eclipse.ui.internal.WorkbenchHandlerServiceHandler@c7cbc2d,
		,,true),null),
	org.eclipse.ui.defaultAcceleratorConfiguration,
	org.eclipse.ui.contexts.window,,,system)
Binding(CTRL+SHIFT+T,
	ParameterizedCommand(Command(org.eclipse.lsp4e.symbolinworkspace,Go to Symbol in Workspace,
		,
		Category(org.eclipse.lsp4e.category,Language Servers,null,true),
		org.eclipse.ui.internal.WorkbenchHandlerServiceHandler@36ae17ef,
		,,true),null),
	org.eclipse.ui.defaultAcceleratorConfiguration,
	org.eclipse.ui.contexts.window,,,system)

!ENTRY org.eclipse.egit.ui 2 0 2020-05-04 01:17:39.516
!MESSAGE Warning: The environment variable HOME is not set. The following directory will be used to store the Git
user global configuration and to define the default location to store repositories: 'C:\Users\DELL'. If this is
not correct please set the HOME environment variable and restart Eclipse. Otherwise Git for Windows and
EGit might behave differently since they see different configuration options.
This warning can be switched off on the Team > Git > Confirmations and Warnings preference page.

!ENTRY org.eclipse.ui 2 0 2020-05-04 01:18:27.951
!MESSAGE Warnings while parsing the key bindings from the 'org.eclipse.ui.commands' and 'org.eclipse.ui.bindings' extension point
!SUBENTRY 1 org.eclipse.ui 2 0 2020-05-04 01:18:27.951
!MESSAGE Defining a key binding with no key sequence has no effect: plug-in='org.springframework.ide.eclipse.boot.wizard', id='org.springframework.ide.eclipse.boot.wizard.addStarersSwitchHandler'

!ENTRY org.eclipse.ui 2 2 2020-05-04 01:18:43.684
!MESSAGE Invalid property category path: org.springframework.ide.eclipse.beans.ui.properties.ProjectPropertyPage (bundle: org.springframework.ide.eclipse.xml.namespaces, propertyPage: org.springframework.ide.eclipse.beans.ui.namespaces.projectPropertyPage)

!ENTRY org.eclipse.jface 2 0 2020-05-04 01:21:29.607
!MESSAGE Ignored reentrant call while viewer is busy. This is only logged once per viewer instance, but similar calls will still be ignored.
!STACK 0
java.lang.RuntimeException
	at org.eclipse.jface.viewers.ColumnViewer.checkBusy(ColumnViewer.java:764)
	at org.eclipse.jface.viewers.ColumnViewer.update(ColumnViewer.java:543)
	at org.eclipse.ui.navigator.CommonViewer.update(CommonViewer.java:512)
	at org.eclipse.jface.viewers.StructuredViewer.update(StructuredViewer.java:1976)
	at org.eclipse.ui.internal.navigator.resources.nested.NestedProjectsLabelProvider.lambda$2(NestedProjectsLabelProvider.java:87)
	at java.util.concurrent.CompletableFuture.uniAccept(Unknown Source)
	at java.util.concurrent.CompletableFuture$UniAccept.tryFire(Unknown Source)
	at java.util.concurrent.CompletableFuture.postComplete(Unknown Source)
	at java.util.concurrent.CompletableFuture$AsyncSupply.run(Unknown Source)
	at java.util.concurrent.CompletableFuture$AsyncSupply.exec(Unknown Source)
	at java.util.concurrent.ForkJoinTask.doExec(Unknown Source)
	at java.util.concurrent.ForkJoinPool$WorkQueue.runTask(Unknown Source)
	at java.util.concurrent.ForkJoinPool.runWorker(Unknown Source)
	at java.util.concurrent.ForkJoinWorkerThread.run(Unknown Source)
